#
# A fatal error has been detected by the Java Runtime Environment:
#
#  EXCEPTION_ACCESS_VIOLATION (0xc0000005) at pc=0x0000000057c0dc1c, pid=7192, tid=4964
#
# JRE version: Java(TM) SE Runtime Environment (8.0_91-b14) (build 1.8.0_91-b14)
# Java VM: Java HotSpot(TM) 64-Bit Server VM (25.91-b14 mixed mode windows-amd64 compressed oops)
# Problematic frame:
# V  [jvm.dll+0x50dc1c]
#
# Failed to write core dump. Minidumps are not enabled by default on client versions of Windows
#
# If you would like to submit a bug report, please visit:
#   http://bugreport.java.com/bugreport/crash.jsp
#

---------------  T H R E A D  ---------------

Current thread (0x00000000564d4000):  JavaThread "C2 CompilerThread0" daemon [_thread_in_native, id=4964, stack(0x00000000585d0000,0x00000000586d0000)]

siginfo: ExceptionCode=0xc0000005, reading address 0xffffffffffffffff

Registers:
RAX=0x00000000586cca20, RBX=0x00000000586cee30, RCX=0x000000005a06af30, RDX=0x000000000000006f
RSP=0x00000000586cc3c0, RBP=0x00000000586cc4c0, RSI=0x000000000000000f, RDI=0x000000005f5257e0
R8 =0x0000000000000001, R9 =0x0000000000000009, R10=0x0000000000000000, R11=0x000000000000003c
R12=0x000000005f5257f0, R13=0x000000000000000f, R14=0x002000005f525440, R15=0x00000000586ccab0
RIP=0x0000000057c0dc1c, EFLAGS=0x0000000000010287

Top of Stack: (sp=0x00000000586cc3c0)
0x00000000586cc3c0:   000000005a438e08 0000000000000000
0x00000000586cc3d0:   0000000000000003 0000000000000001
0x00000000586cc3e0:   000000000000030f 000000005a06e160
0x00000000586cc3f0:   000000005a06b870 00000000586cc5c0
0x00000000586cc400:   000000000000000e 000000000000000e
0x00000000586cc410:   000000000000000f 000000005f5257e0
0x00000000586cc420:   0000000000000001 0000000000000001
0x00000000586cc430:   0000000000000000 000000010000000f
0x00000000586cc440:   0000023100000000 00000000586cc790
0x00000000586cc450:   000000000000000f 000000005a069d90
0x00000000586cc460:   0000000000000001 000002310000000f
0x00000000586cc470:   00000000586cc790 000000000000000f
0x00000000586cc480:   000000005a0694c0 0000000000000003
0x00000000586cc490:   000000005f658ec0 00000000587589c0
0x00000000586cc4a0:   0000000000000003 00000000000003d8
0x00000000586cc4b0:   0000000058758d98 00000000587589b0 

Instructions: (pc=0x0000000057c0dc1c)
0x0000000057c0dbfc:   88 01 00 00 41 03 c5 3b 43 60 0f 87 61 21 00 00
0x0000000057c0dc0c:   49 8b 47 48 48 8b 48 30 4c 8b 34 d1 48 8b 4d 60
0x0000000057c0dc1c:   41 8b 46 4c 4c 89 74 24 58 48 8b 14 c1 48 8b 4d
0x0000000057c0dc2c:   58 48 8b 04 c1 33 c9 48 89 55 08 44 8b e1 48 89 


Register to memory mapping:

RAX=0x00000000586cca20 is pointing into the stack for thread: 0x00000000564d4000
RBX=0x00000000586cee30 is pointing into the stack for thread: 0x00000000564d4000
RCX=0x000000005a06af30 is an unknown value
RDX=0x000000000000006f is an unknown value
RSP=0x00000000586cc3c0 is pointing into the stack for thread: 0x00000000564d4000
RBP=0x00000000586cc4c0 is pointing into the stack for thread: 0x00000000564d4000
RSI=0x000000000000000f is an unknown value
RDI=0x000000005f5257e0 is an unknown value
R8 =0x0000000000000001 is an unknown value
R9 =0x0000000000000009 is an unknown value
R10=0x0000000000000000 is an unknown value
R11=0x000000000000003c is an unknown value
R12=0x000000005f5257f0 is an unknown value
R13=0x000000000000000f is an unknown value
R14=0x002000005f525440 is an unknown value
R15=0x00000000586ccab0 is pointing into the stack for thread: 0x00000000564d4000


Stack: [0x00000000585d0000,0x00000000586d0000],  sp=0x00000000586cc3c0,  free space=1008k
Native frames: (J=compiled Java code, j=interpreted, Vv=VM code, C=native code)
V  [jvm.dll+0x50dc1c]
V  [jvm.dll+0x4643c6]
V  [jvm.dll+0x46f55b]
V  [jvm.dll+0x471b72]
V  [jvm.dll+0x454ce2]
V  [jvm.dll+0xa4be2]
V  [jvm.dll+0xa551f]
V  [jvm.dll+0x243ae4]
V  [jvm.dll+0x29a99a]
C  [msvcr100.dll+0x21d9f]
C  [msvcr100.dll+0x21e3b]
C  [kernel32.dll+0x1652d]
C  [ntdll.dll+0x2c521]


Current CompileTask:
C2: 280985 13046       4       java.math.BigInteger::<init> (81 bytes)


---------------  P R O C E S S  ---------------

Java Threads: ( => current thread )
  0x000000005a31b000 JavaThread "Stdin handler" [_thread_blocked, id=3948, stack(0x0000000068630000,0x0000000068730000)]
  0x000000005a319800 JavaThread "Asynchronous log dispatcher for org.gradle.launcher.daemon.server.DefaultDaemonConnection@7b478c81" [_thread_blocked, id=7968, stack(0x0000000061ed0000,0x0000000061fd0000)]
  0x000000005a318000 JavaThread "Cancel handler" [_thread_blocked, id=9108, stack(0x000000005b1a0000,0x000000005b2a0000)]
  0x000000005a319000 JavaThread "Handler for socket connection from /127.0.0.1:50526 to /127.0.0.1:50825" [_thread_in_native, id=2132, stack(0x000000005af80000,0x000000005b080000)]
  0x000000005a317800 JavaThread "Daemon worker Thread 3" [_thread_in_native, id=9128, stack(0x000000005b490000,0x000000005b590000)]
  0x000000005a31a800 JavaThread "Daemon Thread 3" [_thread_blocked, id=6680, stack(0x000000005ae70000,0x000000005af70000)]
  0x000000005bcc4000 JavaThread "stdout" daemon [_thread_in_native, id=8920, stack(0x0000000067a70000,0x0000000067b70000)]
  0x000000005bcc3000 JavaThread "stderr" daemon [_thread_in_native, id=8916, stack(0x0000000067d20000,0x0000000067e20000)]
  0x000000005bcc2800 JavaThread "stdout" daemon [_thread_in_native, id=8892, stack(0x0000000067b90000,0x0000000067c90000)]
  0x000000005bcc1800 JavaThread "stderr" daemon [_thread_in_native, id=8888, stack(0x0000000067970000,0x0000000067a70000)]
  0x000000005bcc0800 JavaThread "stdout" daemon [_thread_in_native, id=8860, stack(0x0000000067720000,0x0000000067820000)]
  0x000000005bcc0000 JavaThread "stderr" daemon [_thread_in_native, id=8856, stack(0x0000000067820000,0x0000000067920000)]
  0x000000005bcbf000 JavaThread "stdout" daemon [_thread_in_native, id=8844, stack(0x0000000067600000,0x0000000067700000)]
  0x000000005940a000 JavaThread "stderr" daemon [_thread_in_native, id=8840, stack(0x0000000067440000,0x0000000067540000)]
  0x0000000059409000 JavaThread "stdout" daemon [_thread_in_native, id=8816, stack(0x0000000066b90000,0x0000000066c90000)]
  0x0000000059408800 JavaThread "stderr" daemon [_thread_in_native, id=8804, stack(0x0000000067290000,0x0000000067390000)]
  0x0000000059407800 JavaThread "stdout" daemon [_thread_in_native, id=8792, stack(0x0000000066f10000,0x0000000067010000)]
  0x0000000059407000 JavaThread "stderr" daemon [_thread_in_native, id=8788, stack(0x00000000660c0000,0x00000000661c0000)]
  0x0000000059405800 JavaThread "stdout" daemon [_thread_in_native, id=8772, stack(0x0000000066de0000,0x0000000066ee0000)]
  0x0000000059404800 JavaThread "stderr" daemon [_thread_in_native, id=8768, stack(0x0000000066350000,0x0000000066450000)]
  0x0000000059404000 JavaThread "stdout" daemon [_thread_in_native, id=8748, stack(0x0000000066ca0000,0x0000000066da0000)]
  0x0000000059403000 JavaThread "stderr" daemon [_thread_in_native, id=8728, stack(0x0000000066a90000,0x0000000066b90000)]
  0x0000000058921000 JavaThread "stdout" daemon [_thread_in_native, id=8716, stack(0x00000000668c0000,0x00000000669c0000)]
  0x0000000058920800 JavaThread "stderr" daemon [_thread_in_native, id=8712, stack(0x0000000066790000,0x0000000066890000)]
  0x000000005891f800 JavaThread "stdout" daemon [_thread_in_native, id=8692, stack(0x0000000065cb0000,0x0000000065db0000)]
  0x000000005891f000 JavaThread "stderr" daemon [_thread_in_native, id=8688, stack(0x0000000066660000,0x0000000066760000)]
  0x000000005891e000 JavaThread "stdout" daemon [_thread_in_native, id=8672, stack(0x0000000066540000,0x0000000066640000)]
  0x000000005891d800 JavaThread "stderr" daemon [_thread_in_native, id=8668, stack(0x00000000661c0000,0x00000000662c0000)]
  0x000000005891c800 JavaThread "stdout" daemon [_thread_in_native, id=8652, stack(0x0000000065fa0000,0x00000000660a0000)]
  0x000000005891c000 JavaThread "stderr" daemon [_thread_in_native, id=8648, stack(0x0000000065db0000,0x0000000065eb0000)]
  0x000000005891b000 JavaThread "stdout" daemon [_thread_in_native, id=8636, stack(0x0000000065370000,0x0000000065470000)]
  0x000000005891a800 JavaThread "stderr" daemon [_thread_in_native, id=8632, stack(0x0000000065ba0000,0x0000000065ca0000)]
  0x000000005f4ac000 JavaThread "stdout" daemon [_thread_in_native, id=8612, stack(0x0000000065aa0000,0x0000000065ba0000)]
  0x000000005f4ab800 JavaThread "stderr" daemon [_thread_in_native, id=8608, stack(0x0000000065930000,0x0000000065a30000)]
  0x000000005f4aa800 JavaThread "stdout" daemon [_thread_in_native, id=8596, stack(0x0000000065770000,0x0000000065870000)]
  0x000000005f4aa000 JavaThread "stderr" daemon [_thread_in_native, id=8592, stack(0x0000000065630000,0x0000000065730000)]
  0x000000005f4a9000 JavaThread "stdout" daemon [_thread_in_native, id=8572, stack(0x0000000065490000,0x0000000065590000)]
  0x000000005f4a8800 JavaThread "stderr" daemon [_thread_in_native, id=8568, stack(0x0000000064940000,0x0000000064a40000)]
  0x000000005f4a7800 JavaThread "stdout" daemon [_thread_in_native, id=8556, stack(0x0000000065260000,0x0000000065360000)]
  0x000000005f4a7000 JavaThread "stderr" daemon [_thread_in_native, id=8552, stack(0x0000000064350000,0x0000000064450000)]
  0x000000005f4a6000 JavaThread "png-cruncher_20" daemon [_thread_blocked, id=8540, stack(0x0000000065150000,0x0000000065250000)]
  0x000000005f4a5800 JavaThread "png-cruncher_19" daemon [_thread_blocked, id=8536, stack(0x0000000064f90000,0x0000000065090000)]
  0x000000005f3fc000 JavaThread "png-cruncher_18" daemon [_thread_blocked, id=8532, stack(0x0000000064dc0000,0x0000000064ec0000)]
  0x000000005f3fb000 JavaThread "png-cruncher_17" daemon [_thread_blocked, id=8528, stack(0x0000000064c00000,0x0000000064d00000)]
  0x000000005f3fa800 JavaThread "png-cruncher_16" daemon [_thread_blocked, id=8524, stack(0x0000000064a50000,0x0000000064b50000)]
  0x000000005f3f9800 JavaThread "stdout" daemon [_thread_in_native, id=8520, stack(0x0000000064800000,0x0000000064900000)]
  0x000000005f3f9000 JavaThread "stderr" daemon [_thread_in_native, id=8508, stack(0x0000000064670000,0x0000000064770000)]
  0x000000005f3f8000 JavaThread "stdout" daemon [_thread_in_native, id=8496, stack(0x00000000644c0000,0x00000000645c0000)]
  0x000000005f3f7800 JavaThread "stderr" daemon [_thread_in_native, id=8492, stack(0x0000000063210000,0x0000000063310000)]
  0x000000005f3f6800 JavaThread "stdout" daemon [_thread_in_native, id=8488, stack(0x0000000064130000,0x0000000064230000)]
  0x000000005f3f6000 JavaThread "stderr" daemon [_thread_in_native, id=8484, stack(0x0000000064240000,0x0000000064340000)]
  0x000000005f3f5000 JavaThread "png-cruncher_15" daemon [_thread_blocked, id=8472, stack(0x00000000637f0000,0x00000000638f0000)]
  0x000000005c690000 JavaThread "png-cruncher_14" daemon [_thread_blocked, id=8468, stack(0x0000000063fd0000,0x00000000640d0000)]
  0x000000005c68f000 JavaThread "png-cruncher_13" daemon [_thread_blocked, id=8464, stack(0x0000000063de0000,0x0000000063ee0000)]
  0x000000005c68e800 JavaThread "png-cruncher_12" daemon [_thread_blocked, id=8460, stack(0x0000000063cc0000,0x0000000063dc0000)]
  0x000000005c68d800 JavaThread "png-cruncher_11" daemon [_thread_blocked, id=8456, stack(0x0000000063b00000,0x0000000063c00000)]
  0x000000005c68d000 JavaThread "png-cruncher_10" daemon [_thread_blocked, id=8452, stack(0x0000000063930000,0x0000000063a30000)]
  0x000000005c68c000 JavaThread "png-cruncher_9" daemon [_thread_blocked, id=8448, stack(0x00000000636d0000,0x00000000637d0000)]
  0x000000005c68b800 JavaThread "png-cruncher_8" daemon [_thread_blocked, id=8444, stack(0x0000000062e90000,0x0000000062f90000)]
  0x000000005c68a800 JavaThread "png-cruncher_7" daemon [_thread_blocked, id=8440, stack(0x00000000635b0000,0x00000000636b0000)]
  0x000000005c68a000 JavaThread "png-cruncher_6" daemon [_thread_blocked, id=8436, stack(0x0000000063480000,0x0000000063580000)]
  0x000000005c689000 JavaThread "png-cruncher_5" daemon [_thread_blocked, id=8420, stack(0x0000000062c40000,0x0000000062d40000)]
  0x000000005c433800 JavaThread "png-cruncher_4" daemon [_thread_blocked, id=8416, stack(0x0000000063360000,0x0000000063460000)]
  0x000000005c433000 JavaThread "png-cruncher_3" daemon [_thread_blocked, id=8412, stack(0x0000000063110000,0x0000000063210000)]
  0x000000005c432000 JavaThread "png-cruncher_2" daemon [_thread_blocked, id=8408, stack(0x000000005b320000,0x000000005b420000)]
  0x000000005c431800 JavaThread "png-cruncher_1" daemon [_thread_blocked, id=8404, stack(0x0000000062fa0000,0x00000000630a0000)]
  0x000000005a316800 JavaThread "File lock request listener" [_thread_in_native, id=7576, stack(0x000000005cbc0000,0x000000005ccc0000)]
  0x0000000059c93000 JavaThread "Incoming local TCP Connector on port 50526" [_thread_in_native, id=7908, stack(0x0000000058ad0000,0x0000000058bd0000)]
  0x0000000059d14000 JavaThread "pool-1-thread-1" [_thread_blocked, id=7304, stack(0x000000005a900000,0x000000005aa00000)]
  0x000000005875a000 JavaThread "Service Thread" daemon [_thread_blocked, id=8016, stack(0x0000000057fe0000,0x00000000580e0000)]
  0x00000000586d9000 JavaThread "C1 CompilerThread2" daemon [_thread_blocked, id=4344, stack(0x0000000058da0000,0x0000000058ea0000)]
  0x00000000586d0800 JavaThread "C2 CompilerThread1" daemon [_thread_blocked, id=7548, stack(0x0000000058bd0000,0x0000000058cd0000)]
=>0x00000000564d4000 JavaThread "C2 CompilerThread0" daemon [_thread_in_native, id=4964, stack(0x00000000585d0000,0x00000000586d0000)]
  0x00000000564cf800 JavaThread "Attach Listener" daemon [_thread_blocked, id=6936, stack(0x0000000058430000,0x0000000058530000)]
  0x00000000564ce800 JavaThread "Signal Dispatcher" daemon [_thread_blocked, id=1656, stack(0x00000000582f0000,0x00000000583f0000)]
  0x00000000564b9000 JavaThread "Finalizer" daemon [_thread_blocked, id=7392, stack(0x00000000580f0000,0x00000000581f0000)]
  0x0000000056472000 JavaThread "Reference Handler" daemon [_thread_blocked, id=3240, stack(0x00000000573c0000,0x00000000574c0000)]
  0x000000000238e000 JavaThread "main" [_thread_blocked, id=6324, stack(0x0000000002500000,0x0000000002600000)]

Other Threads:
  0x000000005646a000 VMThread [stack: 0x00000000574f0000,0x00000000575f0000] [id=7584]
  0x0000000058774000 WatcherThread [stack: 0x0000000058eb0000,0x0000000058fb0000] [id=8024]

VM state:not at safepoint (normal execution)

VM Mutex/Monitor currently owned by a thread: None

Heap:
 PSYoungGen      total 480768K, used 359480K [0x00000000e0000000, 0x0000000100000000, 0x0000000100000000)
  eden space 458752K, 77% used [0x00000000e0000000,0x00000000f59dd528,0x00000000fc000000)
  from space 22016K, 24% used [0x00000000fea80000,0x00000000fefb0cb8,0x0000000100000000)
  to   space 32768K, 0% used [0x00000000fc000000,0x00000000fc000000,0x00000000fe000000)
 ParOldGen       total 181760K, used 83683K [0x00000000a0000000, 0x00000000ab180000, 0x00000000e0000000)
  object space 181760K, 46% used [0x00000000a0000000,0x00000000a51b8c30,0x00000000ab180000)
 Metaspace       used 74758K, capacity 78824K, committed 79104K, reserved 1118208K
  class space    used 10121K, capacity 10959K, committed 11008K, reserved 1048576K

Card table byte_map: [0x0000000011c90000,0x0000000011fa0000] byte_map_base: 0x0000000011790000

Marking Bits: (ParMarkBitMap*) 0x0000000057f12f70
 Begin Bits: [0x00000000127e0000, 0x0000000013fe0000)
 End Bits:   [0x0000000013fe0000, 0x00000000157e0000)

Polling page: 0x0000000000130000

CodeCache: size=245760Kb used=36872Kb max_used=36888Kb free=208887Kb
 bounds [0x00000000028d0000, 0x0000000004d10000, 0x00000000118d0000]
 total_blobs=11448 nmethods=10702 adapters=657
 compilation: enabled

Compilation events (10 events):
Event: 280.872 Thread 0x00000000586d9000 nmethod 13039 0x0000000004cfa990 code [0x0000000004cfab20, 0x0000000004cfae78]
Event: 280.872 Thread 0x00000000586d0800 13042       4       com.google.common.collect.ImmutableList$Builder::add (8 bytes)
Event: 280.874 Thread 0x00000000564d4000 13043       4       com.google.common.cache.LocalCache$EntryFactory$2::newEntry (12 bytes)
Event: 280.875 Thread 0x00000000564d4000 nmethod 13043 0x0000000004cfa650 code [0x0000000004cfa7a0, 0x0000000004cfa8f8]
Event: 280.877 Thread 0x00000000586d0800 nmethod 13042 0x0000000004cf9ed0 code [0x0000000004cfa020, 0x0000000004cfa308]
Event: 280.878 Thread 0x00000000564d4000 13044       4       org.gradle.api.internal.changedetection.state.DefaultVisitedTree$1::transform (9 bytes)
Event: 280.879 Thread 0x00000000586d0800 13045       4       java.math.BigInteger::firstNonzeroIntNum (59 bytes)
Event: 280.880 Thread 0x00000000564d4000 nmethod 13044 0x0000000004cf9bd0 code [0x0000000004cf9d20, 0x0000000004cf9dc8]
Event: 280.880 Thread 0x00000000586d0800 nmethod 13045 0x0000000004cf9890 code [0x0000000004cf99e0, 0x0000000004cf9ab8]
Event: 280.885 Thread 0x00000000564d4000 13046       4       java.math.BigInteger::<init> (81 bytes)

GC Heap History (10 events):
Event: 153.383 GC heap before
{Heap before GC invocations=13 (full 3):
 PSYoungGen      total 303616K, used 56102K [0x00000000e0000000, 0x00000000fc080000, 0x0000000100000000)
  eden space 279040K, 16% used [0x00000000e0000000,0x00000000e2c8d838,0x00000000f1080000)
  from space 24576K, 42% used [0x00000000f1080000,0x00000000f1abc090,0x00000000f2880000)
  to   space 23552K, 0% used [0x00000000fa980000,0x00000000fa980000,0x00000000fc080000)
 ParOldGen       total 83968K, used 43160K [0x00000000a0000000, 0x00000000a5200000, 0x00000000e0000000)
  object space 83968K, 51% used [0x00000000a0000000,0x00000000a2a26160,0x00000000a5200000)
 Metaspace       used 58669K, capacity 61308K, committed 61312K, reserved 1101824K
  class space    used 8036K, capacity 8572K, committed 8576K, reserved 1048576K
Event: 153.414 GC heap after
Heap after GC invocations=13 (full 3):
 PSYoungGen      total 433664K, used 9201K [0x00000000e0000000, 0x00000000fbe80000, 0x0000000100000000)
  eden space 412160K, 0% used [0x00000000e0000000,0x00000000e0000000,0x00000000f9280000)
  from space 21504K, 42% used [0x00000000fa980000,0x00000000fb27c4f0,0x00000000fbe80000)
  to   space 22528K, 0% used [0x00000000f9280000,0x00000000f9280000,0x00000000fa880000)
 ParOldGen       total 83968K, used 43168K [0x00000000a0000000, 0x00000000a5200000, 0x00000000e0000000)
  object space 83968K, 51% used [0x00000000a0000000,0x00000000a2a28160,0x00000000a5200000)
 Metaspace       used 58669K, capacity 61308K, committed 61312K, reserved 1101824K
  class space    used 8036K, capacity 8572K, committed 8576K, reserved 1048576K
}
Event: 153.414 GC heap before
{Heap before GC invocations=14 (full 4):
 PSYoungGen      total 433664K, used 9201K [0x00000000e0000000, 0x00000000fbe80000, 0x0000000100000000)
  eden space 412160K, 0% used [0x00000000e0000000,0x00000000e0000000,0x00000000f9280000)
  from space 21504K, 42% used [0x00000000fa980000,0x00000000fb27c4f0,0x00000000fbe80000)
  to   space 22528K, 0% used [0x00000000f9280000,0x00000000f9280000,0x00000000fa880000)
 ParOldGen       total 83968K, used 43168K [0x00000000a0000000, 0x00000000a5200000, 0x00000000e0000000)
  object space 83968K, 51% used [0x00000000a0000000,0x00000000a2a28160,0x00000000a5200000)
 Metaspace       used 58669K, capacity 61308K, committed 61312K, reserved 1101824K
  class space    used 8036K, capacity 8572K, committed 8576K, reserved 1048576K
Event: 153.823 GC heap after
Heap after GC invocations=14 (full 4):
 PSYoungGen      total 433664K, used 0K [0x00000000e0000000, 0x00000000fbe80000, 0x0000000100000000)
  eden space 412160K, 0% used [0x00000000e0000000,0x00000000e0000000,0x00000000f9280000)
  from space 21504K, 0% used [0x00000000fa980000,0x00000000fa980000,0x00000000fbe80000)
  to   space 22528K, 0% used [0x00000000f9280000,0x00000000f9280000,0x00000000fa880000)
 ParOldGen       total 83968K, used 48696K [0x00000000a0000000, 0x00000000a5200000, 0x00000000e0000000)
  object space 83968K, 57% used [0x00000000a0000000,0x00000000a2f8e1a0,0x00000000a5200000)
 Metaspace       used 58643K, capacity 61220K, committed 61312K, reserved 1101824K
  class space    used 8028K, capacity 8564K, committed 8576K, reserved 1048576K
}
Event: 183.072 GC heap before
{Heap before GC invocations=15 (full 4):
 PSYoungGen      total 433664K, used 412160K [0x00000000e0000000, 0x00000000fbe80000, 0x0000000100000000)
  eden space 412160K, 100% used [0x00000000e0000000,0x00000000f9280000,0x00000000f9280000)
  from space 21504K, 0% used [0x00000000fa980000,0x00000000fa980000,0x00000000fbe80000)
  to   space 22528K, 0% used [0x00000000f9280000,0x00000000f9280000,0x00000000fa880000)
 ParOldGen       total 83968K, used 48696K [0x00000000a0000000, 0x00000000a5200000, 0x00000000e0000000)
  object space 83968K, 57% used [0x00000000a0000000,0x00000000a2f8e1a0,0x00000000a5200000)
 Metaspace       used 62069K, capacity 64980K, committed 65152K, reserved 1105920K
  class space    used 8397K, capacity 9016K, committed 9088K, reserved 1048576K
Event: 183.136 GC heap after
Heap after GC invocations=15 (full 4):
 PSYoungGen      total 434688K, used 12411K [0x00000000e0000000, 0x0000000100000000, 0x0000000100000000)
  eden space 412160K, 0% used [0x00000000e0000000,0x00000000e0000000,0x00000000f9280000)
  from space 22528K, 55% used [0x00000000f9280000,0x00000000f9e9ed58,0x00000000fa880000)
  to   space 22016K, 0% used [0x00000000fea80000,0x00000000fea80000,0x0000000100000000)
 ParOldGen       total 83968K, used 48704K [0x00000000a0000000, 0x00000000a5200000, 0x00000000e0000000)
  object space 83968K, 58% used [0x00000000a0000000,0x00000000a2f901a0,0x00000000a5200000)
 Metaspace       used 62069K, capacity 64980K, committed 65152K, reserved 1105920K
  class space    used 8397K, capacity 9016K, committed 9088K, reserved 1048576K
}
Event: 264.539 GC heap before
{Heap before GC invocations=16 (full 4):
 PSYoungGen      total 434688K, used 424571K [0x00000000e0000000, 0x0000000100000000, 0x0000000100000000)
  eden space 412160K, 100% used [0x00000000e0000000,0x00000000f9280000,0x00000000f9280000)
  from space 22528K, 55% used [0x00000000f9280000,0x00000000f9e9ed58,0x00000000fa880000)
  to   space 22016K, 0% used [0x00000000fea80000,0x00000000fea80000,0x0000000100000000)
 ParOldGen       total 83968K, used 48704K [0x00000000a0000000, 0x00000000a5200000, 0x00000000e0000000)
  object space 83968K, 58% used [0x00000000a0000000,0x00000000a2f901a0,0x00000000a5200000)
 Metaspace       used 68455K, capacity 71638K, committed 71936K, reserved 1112064K
  class space    used 9269K, capacity 9921K, committed 9984K, reserved 1048576K
Event: 264.583 GC heap after
Heap after GC invocations=16 (full 4):
 PSYoungGen      total 480768K, used 21990K [0x00000000e0000000, 0x0000000100000000, 0x0000000100000000)
  eden space 458752K, 0% used [0x00000000e0000000,0x00000000e0000000,0x00000000fc000000)
  from space 22016K, 99% used [0x00000000fea80000,0x00000000ffff9a08,0x0000000100000000)
  to   space 32768K, 0% used [0x00000000fc000000,0x00000000fc000000,0x00000000fe000000)
 ParOldGen       total 83968K, used 69766K [0x00000000a0000000, 0x00000000a5200000, 0x00000000e0000000)
  object space 83968K, 83% used [0x00000000a0000000,0x00000000a4421bc8,0x00000000a5200000)
 Metaspace       used 68455K, capacity 71638K, committed 71936K, reserved 1112064K
  class space    used 9269K, capacity 9921K, committed 9984K, reserved 1048576K
}
Event: 264.583 GC heap before
{Heap before GC invocations=17 (full 5):
 PSYoungGen      total 480768K, used 21990K [0x00000000e0000000, 0x0000000100000000, 0x0000000100000000)
  eden space 458752K, 0% used [0x00000000e0000000,0x00000000e0000000,0x00000000fc000000)
  from space 22016K, 99% used [0x00000000fea80000,0x00000000ffff9a08,0x0000000100000000)
  to   space 32768K, 0% used [0x00000000fc000000,0x00000000fc000000,0x00000000fe000000)
 ParOldGen       total 83968K, used 69766K [0x00000000a0000000, 0x00000000a5200000, 0x00000000e0000000)
  object space 83968K, 83% used [0x00000000a0000000,0x00000000a4421bc8,0x00000000a5200000)
 Metaspace       used 68455K, capacity 71638K, committed 71936K, reserved 1112064K
  class space    used 9269K, capacity 9921K, committed 9984K, reserved 1048576K
Event: 265.113 GC heap after
Heap after GC invocations=17 (full 5):
 PSYoungGen      total 480768K, used 5315K [0x00000000e0000000, 0x0000000100000000, 0x0000000100000000)
  eden space 458752K, 0% used [0x00000000e0000000,0x00000000e0000000,0x00000000fc000000)
  from space 22016K, 24% used [0x00000000fea80000,0x00000000fefb0cb8,0x0000000100000000)
  to   space 32768K, 0% used [0x00000000fc000000,0x00000000fc000000,0x00000000fe000000)
 ParOldGen       total 181760K, used 83683K [0x00000000a0000000, 0x00000000ab180000, 0x00000000e0000000)
  object space 181760K, 46% used [0x00000000a0000000,0x00000000a51b8c30,0x00000000ab180000)
 Metaspace       used 68455K, capacity 71638K, committed 71936K, reserved 1112064K
  class space    used 9269K, capacity 9921K, committed 9984K, reserved 1048576K
}

Deoptimization events (10 events):
Event: 266.514 Thread 0x000000005a317800 Uncommon trap: reason=class_check action=maybe_recompile pc=0x0000000004a685f4 method=com.google.common.collect.ImmutableList.hashCode()I @ 23
Event: 266.515 Thread 0x000000005a317800 Uncommon trap: reason=class_check action=maybe_recompile pc=0x0000000004a6a51c method=com.android.builder.dependency.HashCodeUtils.hashCode(Ljava/lang/Object;Ljava/lang/Object;Ljava/lang/Object;Ljava/lang/Object;Ljava/lang/Object;Ljava/lang/Object;)I @ 105‘q$Âd~q@
Event: 279.900 Thread 0x000000005a317800 Uncommon trap: reason=speculate_class_check action=maybe_recompile pc=0x0000000004c858f8 method=com.google.common.collect.AbstractIndexedListIterator.next()Ljava/lang/Object; @ 27
Event: 279.900 Thread 0x000000005a317800 Uncommon trap: reason=speculate_class_check action=maybe_recompile pc=0x0000000004c858f8 method=com.google.common.collect.AbstractIndexedListIterator.next()Ljava/lang/Object; @ 27
Event: 279.901 Thread 0x000000005a317800 Uncommon trap: reason=speculate_class_check action=maybe_recompile pc=0x0000000004c858f8 method=com.google.common.collect.AbstractIndexedListIterator.next()Ljava/lang/Object; @ 27
Event: 279.901 Thread 0x000000005a317800 Uncommon trap: reason=speculate_class_check action=maybe_recompile pc=0x0000000004c858f8 method=com.google.common.collect.AbstractIndexedListIterator.next()Ljava/lang/Object; @ 27
Event: 279.921 Thread 0x000000005a317800 Uncommon trap: reason=unstable_if action=reinterpret pc=0x000000000443d7f0 method=com.google.common.cache.LocalCache$Segment.evictEntries()V @ 25
Event: 279.936 Thread 0x000000005a317800 Uncommon trap: reason=class_check action=maybe_recompile pc=0x000000000307cfc8 method=java.util.concurrent.ConcurrentHashMap.putVal(Ljava/lang/Object;Ljava/lang/Object;Z)Ljava/lang/Object; @ 192
Event: 280.357 Thread 0x000000005a317800 Uncommon trap: reason=unstable_if action=reinterpret pc=0x0000000003df1a18 method=com.sun.org.apache.xerces.internal.dom.CharacterDataImpl.getNodeValue()Ljava/lang/String; @ 4
Event: 280.892 Thread 0x000000005a317800 Uncommon trap: reason=unstable_if action=reinterpret pc=0x0000000004788398 method=org.gradle.api.internal.changedetection.state.CachingFileSnapshotter.snapshot(Ljava/io/File;JJ)Lorg/gradle/api/internal/changedetection/state/CachingFileSnapshotter$FileInfo;Lw»:¨p@

Internal exceptions (10 events):
Event: 279.301 Thread 0x000000005a317800 Exception <a 'sun/nio/fs/WindowsException'> (0x00000000f124fc80) thrown at [C:\re\workspace\8-2-build-windows-amd64-cygwin\jdk8u91\6644\hotspot\src\share\vm\prims\jni.cpp, line 709]
Event: 279.301 Thread 0x000000005a317800 Exception <a 'sun/nio/fs/WindowsException'> (0x00000000f12507c8) thrown at [C:\re\workspace\8-2-build-windows-amd64-cygwin\jdk8u91\6644\hotspot\src\share\vm\prims\jni.cpp, line 709]
Event: 279.301 Thread 0x000000005a317800 Exception <a 'sun/nio/fs/WindowsException'> (0x00000000f1253fb0) thrown at [C:\re\workspace\8-2-build-windows-amd64-cygwin\jdk8u91\6644\hotspot\src\share\vm\prims\jni.cpp, line 709]
Event: 279.301 Thread 0x000000005a317800 Exception <a 'sun/nio/fs/WindowsException'> (0x00000000f1254ab8) thrown at [C:\re\workspace\8-2-build-windows-amd64-cygwin\jdk8u91\6644\hotspot\src\share\vm\prims\jni.cpp, line 709]
Event: 279.301 Thread 0x000000005a317800 Exception <a 'sun/nio/fs/WindowsException'> (0x00000000f1256608) thrown at [C:\re\workspace\8-2-build-windows-amd64-cygwin\jdk8u91\6644\hotspot\src\share\vm\prims\jni.cpp, line 709]
Event: 279.302 Thread 0x000000005a317800 Exception <a 'sun/nio/fs/WindowsException'> (0x00000000f1257148) thrown at [C:\re\workspace\8-2-build-windows-amd64-cygwin\jdk8u91\6644\hotspot\src\share\vm\prims\jni.cpp, line 709]
Event: 279.302 Thread 0x000000005a317800 Exception <a 'sun/nio/fs/WindowsException'> (0x00000000f125a6c8) thrown at [C:\re\workspace\8-2-build-windows-amd64-cygwin\jdk8u91\6644\hotspot\src\share\vm\prims\jni.cpp, line 709]
Event: 279.302 Thread 0x000000005a317800 Exception <a 'sun/nio/fs/WindowsException'> (0x00000000f125b038) thrown at [C:\re\workspace\8-2-build-windows-amd64-cygwin\jdk8u91\6644\hotspot\src\share\vm\prims\jni.cpp, line 709]
Event: 279.302 Thread 0x000000005a317800 Exception <a 'sun/nio/fs/WindowsException'> (0x00000000f125ca48) thrown at [C:\re\workspace\8-2-build-windows-amd64-cygwin\jdk8u91\6644\hotspot\src\share\vm\prims\jni.cpp, line 709]
Event: 279.302 Thread 0x000000005a317800 Exception <a 'sun/nio/fs/WindowsException'> (0x00000000f125d3c8) thrown at [C:\re\workspace\8-2-build-windows-amd64-cygwin\jdk8u91\6644\hotspot\src\share\vm\prims\jni.cpp, line 709]

Events (10 events):
Event: 280.374 loading class com/google/gson/internal/bind/TypeAdapters$32 done
Event: 280.375 loading class com/google/gson/internal/LinkedTreeMap
Event: 280.375 loading class com/google/gson/internal/LinkedTreeMap done
Event: 280.376 loading class com/google/gson/internal/LinkedTreeMap$1
Event: 280.376 loading class com/google/gson/internal/LinkedTreeMap$1 done
Event: 280.377 loading class com/google/gson/internal/LinkedTreeMap$Node
Event: 280.377 loading class com/google/gson/internal/LinkedTreeMap$Node done
Event: 280.892 Thread 0x000000005a317800 Uncommon trap: trap_request=0xffffff65 fr.pc=0x0000000004788398
Event: 280.892 Thread 0x000000005a317800 DEOPT PACKING pc=0x0000000004788398 sp=0x000000005b58c3f0
Event: 280.892 Thread 0x000000005a317800 DEOPT UNPACKING pc=0x000000000291582a sp=0x000000005b58c2e0 mode 2


Dynamic libraries:
0x000000013fab0000 - 0x000000013fae7000 	C:\Program Files\Java\jdk8\bin\java.exe
0x0000000077730000 - 0x00000000778d9000 	C:\Windows\SYSTEM32\ntdll.dll
0x0000000077510000 - 0x000000007762f000 	C:\Windows\system32\kernel32.dll
0x000007fefd9e0000 - 0x000007fefda4b000 	C:\Windows\system32\KERNELBASE.dll
0x000007fefe0c0000 - 0x000007fefe19b000 	C:\Windows\system32\ADVAPI32.dll
0x000007fefe1a0000 - 0x000007fefe23f000 	C:\Windows\system32\msvcrt.dll
0x000007feff500000 - 0x000007feff51f000 	C:\Windows\SYSTEM32\sechost.dll
0x000007feff100000 - 0x000007feff22d000 	C:\Windows\system32\RPCRT4.dll
0x0000000077630000 - 0x000000007772a000 	C:\Windows\system32\USER32.dll
0x000007feff530000 - 0x000007feff597000 	C:\Windows\system32\GDI32.dll
0x000007feff520000 - 0x000007feff52e000 	C:\Windows\system32\LPK.dll
0x000007feff230000 - 0x000007feff2f9000 	C:\Windows\system32\USP10.dll
0x000007fefc000000 - 0x000007fefc1f4000 	C:\Windows\WinSxS\amd64_microsoft.windows.common-controls_6595b64144ccf1df_6.0.7601.17514_none_fa396087175ac9ac\COMCTL32.dll
0x000007feff480000 - 0x000007feff4f1000 	C:\Windows\system32\SHLWAPI.dll
0x000007feffa10000 - 0x000007feffa3e000 	C:\Windows\system32\IMM32.DLL
0x000007feff900000 - 0x000007feffa09000 	C:\Windows\system32\MSCTF.dll
0x000000005db10000 - 0x000000005dbe2000 	C:\Program Files\Java\jdk8\jre\bin\msvcr100.dll
0x0000000057700000 - 0x0000000057f93000 	C:\Program Files\Java\jdk8\jre\bin\server\jvm.dll
0x000007fef3090000 - 0x000007fef3099000 	C:\Windows\system32\WSOCK32.dll
0x000007fefe070000 - 0x000007fefe0bd000 	C:\Windows\system32\WS2_32.dll
0x000007fefdaf0000 - 0x000007fefdaf8000 	C:\Windows\system32\NSI.dll
0x000007fefa390000 - 0x000007fefa3cb000 	C:\Windows\system32\WINMM.dll
0x000007fefc840000 - 0x000007fefc84c000 	C:\Windows\system32\VERSION.dll
0x00000000778f0000 - 0x00000000778f7000 	C:\Windows\system32\PSAPI.DLL
0x0000000066450000 - 0x000000006645f000 	C:\Program Files\Java\jdk8\jre\bin\verify.dll
0x000000005dca0000 - 0x000000005dcc9000 	C:\Program Files\Java\jdk8\jre\bin\java.dll
0x000000005dc80000 - 0x000000005dc96000 	C:\Program Files\Java\jdk8\jre\bin\zip.dll
0x000007fefe370000 - 0x000007feff0f8000 	C:\Windows\system32\SHELL32.dll
0x000007fefdb00000 - 0x000007fefdd03000 	C:\Windows\system32\ole32.dll
0x000007fefd680000 - 0x000007fefd68f000 	C:\Windows\system32\profapi.dll
0x000000005dc40000 - 0x000000005dc5a000 	C:\Program Files\Java\jdk8\jre\bin\net.dll
0x000007fefceb0000 - 0x000007fefcf05000 	C:\Windows\system32\mswsock.dll
0x000007fefcea0000 - 0x000007fefcea7000 	C:\Windows\System32\wship6.dll
0x000000005dc60000 - 0x000000005dc71000 	C:\Program Files\Java\jdk8\jre\bin\nio.dll
0x000007feef210000 - 0x000007feef222000 	C:\Users\Admin\.gradle\native\19\windows-amd64\native-platform.dll
0x000007fefcf10000 - 0x000007fefcf27000 	C:\Windows\system32\CRYPTSP.dll
0x000007fefcc10000 - 0x000007fefcc57000 	C:\Windows\system32\rsaenh.dll
0x000007fefca30000 - 0x000007fefca4e000 	C:\Windows\system32\USERENV.dll
0x000007fefd5b0000 - 0x000007fefd5bf000 	C:\Windows\system32\CRYPTBASE.dll
0x000007fefc810000 - 0x000007fefc837000 	C:\Windows\system32\IPHLPAPI.DLL
0x000007fefc800000 - 0x000007fefc80b000 	C:\Windows\system32\WINNSI.DLL
0x000007fefc750000 - 0x000007fefc768000 	C:\Windows\system32\dhcpcsvc.DLL
0x000007fefa7d0000 - 0x000007fefa7e1000 	C:\Windows\system32\dhcpcsvc6.DLL
0x000000005f0c0000 - 0x000000005f0cd000 	C:\Program Files\Java\jdk8\jre\bin\management.dll
0x000007fefd550000 - 0x000007fefd5a7000 	C:\Windows\system32\apphelp.dll
0x000007fef2180000 - 0x000007fef22a5000 	C:\Windows\system32\dbghelp.dll

VM Arguments:
jvm_args: -Xmx1536m -Dfile.encoding=windows-1252 -Duser.country=US -Duser.language=en -Duser.variant 
java_command: org.gradle.launcher.daemon.bootstrap.GradleDaemon 2.14.1
java_class_path (initial): C:\Program Files\Android\Android Studio\gradle\gradle-2.14.1\lib\gradle-launcher-2.14.1.jar
Launcher Type: SUN_STANDARD

Environment Variables:
JAVA_HOME=C:\Program Files\Java\jdk8
PATH=C:\ProgramData\Oracle\Java\javapath;C:\Windows\system32;C:\Windows;C:\Windows\System32\Wbem;C:\Windows\System32\WindowsPowerShell\v1.0\;C:\Program Files (x86)\ATI Technologies\ATI.ACE\Core-Static;C:\Program Files\Java\jdk8\bin;C:\Program Files\Java\jre8\bin;C:\Program Files (x86)\Skype\Phone\;C:\Program Files (x86)\MySQL\MySQL Fabric 1.5 & MySQL Utilities 1.5\;C:\Program Files (x86)\MySQL\MySQL Fabric 1.5 & MySQL Utilities 1.5\Doctrine extensions for PHP\
USERNAME=Admin
OS=Windows_NT
PROCESSOR_IDENTIFIER=Intel64 Family 6 Model 69 Stepping 1, GenuineIntel



---------------  S Y S T E M  ---------------

OS: Windows 7 , 64 bit Build 7601 (6.1.7601.17514)

CPU:total 4 (2 cores per cpu, 2 threads per core) family 6 model 69 stepping 1, cmov, cx8, fxsr, mmx, sse, sse2, sse3, ssse3, sse4.1, sse4.2, popcnt, avx, avx2, aes, clmul, erms, lzcnt, ht, tsc, tscinvbit, bmi1, bmi2

Memory: 4k page, physical 8312052k(3966612k free), swap 16622260k(11735928k free)

vm_info: Java HotSpot(TM) 64-Bit Server VM (25.91-b14) for windows-amd64 JRE (1.8.0_91-b14), built on Apr  1 2016 00:58:32 by "java_re" with MS VC++ 10.0 (VS2010)

time: Wed Feb 22 11:14:18 2017
elapsed time: 280 seconds (0d 0h 4m 40s)

